2025-12-02 11:25:38,749 - __main__ - INFO - All routers registered
2025-12-02 11:25:38,749 - __main__ - INFO - Bot started with 19 admins
2025-12-02 11:25:38,749 - aiogram.dispatcher - INFO - Start polling
2025-12-02 11:25:39,190 - aiogram.dispatcher - INFO - Run polling for bot @ThePrimeShop_bot id=8549585726 - 'Primestore_bot'
2025-12-02 11:26:20,482 - src.handlers.errors - ERROR - Update: update_id=129286753 message=Message(message_id=39, date=datetime.datetime(2025, 12, 2, 3, 26, 20, tzinfo=TzInfo(UTC)), chat=Chat(id=5145915027, type='private', title=None, username='bryanskiym', first_name='Mikhail', last_name='Bryanskiy', is_forum=None, accent_color_id=None, active_usernames=None, available_reactions=None, background_custom_emoji_id=None, bio=None, birthdate=None, business_intro=None, business_location=None, business_opening_hours=None, can_set_sticker_set=None, custom_emoji_sticker_set_name=None, description=None, emoji_status_custom_emoji_id=None, emoji_status_expiration_date=None, has_aggressive_anti_spam_enabled=None, has_hidden_members=None, has_private_forwards=None, has_protected_content=None, has_restricted_voice_and_video_messages=None, has_visible_history=None, invite_link=None, join_by_request=None, join_to_send_messages=None, linked_chat_id=None, location=None, message_auto_delete_time=None, permissions=None, personal_chat=None, photo=None, pinned_message=None, profile_accent_color_id=None, profile_background_custom_emoji_id=None, slow_mode_delay=None, sticker_set_name=None, unrestrict_boost_count=None), message_thread_id=None, from_user=User(id=5145915027, is_bot=False, first_name='Mikhail', last_name='Bryanskiy', username='bryanskiym', language_code='ru', is_premium=None, added_to_attachment_menu=None, can_join_groups=None, can_read_all_group_messages=None, supports_inline_queries=None, can_connect_to_business=None), sender_chat=None, sender_boost_count=None, sender_business_bot=None, business_connection_id=None, forward_origin=None, is_topic_message=None, is_automatic_forward=None, reply_to_message=None, external_reply=None, quote=None, reply_to_story=None, via_bot=None, edit_date=None, has_protected_content=None, is_from_offline=None, media_group_id=None, author_signature=None, text='/start', entities=[MessageEntity(type='bot_command', offset=0, length=6, url=None, user=None, language=None, custom_emoji_id=None)], link_preview_options=None, effect_id=None, animation=None, audio=None, document=None, paid_media=None, photo=None, sticker=None, story=None, video=None, video_note=None, voice=None, caption=None, caption_entities=None, show_caption_above_media=None, has_media_spoiler=None, contact=None, dice=None, game=None, poll=None, venue=None, location=None, new_chat_members=None, left_chat_member=None, new_chat_title=None, new_chat_photo=None, delete_chat_photo=None, group_chat_created=None, supergroup_chat_created=None, channel_chat_created=None, message_auto_delete_timer_changed=None, migrate_to_chat_id=None, migrate_from_chat_id=None, pinned_message=None, invoice=None, successful_payment=None, refunded_payment=None, users_shared=None, chat_shared=None, connected_website=None, write_access_allowed=None, passport_data=None, proximity_alert_triggered=None, boost_added=None, chat_background_set=None, forum_topic_created=None, forum_topic_edited=None, forum_topic_closed=None, forum_topic_reopened=None, general_forum_topic_hidden=None, general_forum_topic_unhidden=None, giveaway_created=None, giveaway=None, giveaway_winners=None, giveaway_completed=None, video_chat_scheduled=None, video_chat_started=None, video_chat_ended=None, video_chat_participants_invited=None, web_app_data=None, reply_markup=None, forward_date=None, forward_from=None, forward_from_chat=None, forward_from_message_id=None, forward_sender_name=None, forward_signature=None, user_shared=None) edited_message=None channel_post=None edited_channel_post=None business_connection=None business_message=None edited_business_message=None deleted_business_messages=None message_reaction=None message_reaction_count=None inline_query=None chosen_inline_result=None callback_query=None shipping_query=None pre_checkout_query=None poll=None poll_answer=None my_chat_member=None chat_member=None chat_join_request=None chat_boost=None removed_chat_boost=None
Exception: cmd_start() missing 1 required positional argument: 'session'
Traceback: <traceback object at 0x0000020653412A00>
Traceback (most recent call last):
  File "C:\Users\mv\Desktop\Work\bonus_bot\venv\Lib\site-packages\aiogram\dispatcher\middlewares\error.py", line 25, in __call__
    return await handler(event, data)
           ^^^^^^^^^^^^^^^^^^^^^^^^^^
  File "C:\Users\mv\Desktop\Work\bonus_bot\venv\Lib\site-packages\aiogram\dispatcher\middlewares\user_context.py", line 49, in __call__
    return await handler(event, data)
           ^^^^^^^^^^^^^^^^^^^^^^^^^^
  File "C:\Users\mv\Desktop\Work\bonus_bot\venv\Lib\site-packages\aiogram\fsm\middleware.py", line 42, in __call__
    return await handler(event, data)
           ^^^^^^^^^^^^^^^^^^^^^^^^^^
  File "C:\Users\mv\Desktop\Work\bonus_bot\venv\Lib\site-packages\aiogram\dispatcher\event\telegram.py", line 121, in trigger
    return await wrapped_inner(event, kwargs)
           ^^^^^^^^^^^^^^^^^^^^^^^^^^^^^^^^^^
  File "C:\Users\mv\Desktop\Work\bonus_bot\venv\Lib\site-packages\aiogram\dispatcher\event\handler.py", line 43, in call
    return await wrapped()
           ^^^^^^^^^^^^^^^
  File "C:\Users\mv\Desktop\Work\bonus_bot\venv\Lib\site-packages\aiogram\dispatcher\dispatcher.py", line 276, in _listen_update
    return await self.propagate_event(update_type=update_type, event=event, **kwargs)
           ^^^^^^^^^^^^^^^^^^^^^^^^^^^^^^^^^^^^^^^^^^^^^^^^^^^^^^^^^^^^^^^^^^^^^^^^^^
  File "C:\Users\mv\Desktop\Work\bonus_bot\venv\Lib\site-packages\aiogram\dispatcher\router.py", line 142, in propagate_event
    return await observer.wrap_outer_middleware(_wrapped, event=event, data=kwargs)
           ^^^^^^^^^^^^^^^^^^^^^^^^^^^^^^^^^^^^^^^^^^^^^^^^^^^^^^^^^^^^^^^^^^^^^^^^
  File "C:\Users\mv\Desktop\Work\bonus_bot\venv\Lib\site-packages\aiogram\dispatcher\router.py", line 137, in _wrapped
    return await self._propagate_event(
           ^^^^^^^^^^^^^^^^^^^^^^^^^^^^
  File "C:\Users\mv\Desktop\Work\bonus_bot\venv\Lib\site-packages\aiogram\dispatcher\router.py", line 170, in _propagate_event
    response = await router.propagate_event(update_type=update_type, event=event, **kwargs)
               ^^^^^^^^^^^^^^^^^^^^^^^^^^^^^^^^^^^^^^^^^^^^^^^^^^^^^^^^^^^^^^^^^^^^^^^^^^^^
  File "C:\Users\mv\Desktop\Work\bonus_bot\venv\Lib\site-packages\aiogram\dispatcher\router.py", line 142, in propagate_event
    return await observer.wrap_outer_middleware(_wrapped, event=event, data=kwargs)
           ^^^^^^^^^^^^^^^^^^^^^^^^^^^^^^^^^^^^^^^^^^^^^^^^^^^^^^^^^^^^^^^^^^^^^^^^
  File "C:\Users\mv\Desktop\Work\bonus_bot\venv\Lib\site-packages\aiogram\dispatcher\router.py", line 137, in _wrapped
    return await self._propagate_event(
           ^^^^^^^^^^^^^^^^^^^^^^^^^^^^
  File "C:\Users\mv\Desktop\Work\bonus_bot\venv\Lib\site-packages\aiogram\dispatcher\router.py", line 162, in _propagate_event
    response = await observer.trigger(event, **kwargs)
               ^^^^^^^^^^^^^^^^^^^^^^^^^^^^^^^^^^^^^^^
  File "C:\Users\mv\Desktop\Work\bonus_bot\venv\Lib\site-packages\aiogram\dispatcher\event\telegram.py", line 121, in trigger
    return await wrapped_inner(event, kwargs)
           ^^^^^^^^^^^^^^^^^^^^^^^^^^^^^^^^^^
  File "C:\Users\mv\Desktop\Work\bonus_bot\venv\Lib\site-packages\aiogram\dispatcher\event\handler.py", line 43, in call
    return await wrapped()
                 ^^^^^^^^^
TypeError: cmd_start() missing 1 required positional argument: 'session'
2025-12-02 11:26:20,488 - aiogram.event - INFO - Update id=129286753 is handled. Duration 0 ms by bot id=8549585726
2025-12-02 11:29:23,762 - aiogram.dispatcher - INFO - Polling stopped
2025-12-02 11:29:24,014 - aiogram.dispatcher - INFO - Polling stopped for bot @ThePrimeShop_bot id=8549585726 - 'Primestore_bot'
2025-12-02 11:29:24,020 - __main__ - INFO - Bot stopped by user
2025-12-02 11:31:03,692 - __main__ - INFO - All routers registered
2025-12-02 11:31:03,692 - __main__ - INFO - Bot started with 19 admins
2025-12-02 11:31:03,692 - aiogram.dispatcher - INFO - Start polling
2025-12-02 11:31:04,132 - aiogram.dispatcher - INFO - Run polling for bot @ThePrimeShop_bot id=8549585726 - 'Primestore_bot'
2025-12-02 11:31:23,822 - src.handlers.errors - ERROR - Update: update_id=129286754 message=Message(message_id=40, date=datetime.datetime(2025, 12, 2, 3, 31, 23, tzinfo=TzInfo(UTC)), chat=Chat(id=5145915027, type='private', title=None, username='bryanskiym', first_name='Mikhail', last_name='Bryanskiy', is_forum=None, accent_color_id=None, active_usernames=None, available_reactions=None, background_custom_emoji_id=None, bio=None, birthdate=None, business_intro=None, business_location=None, business_opening_hours=None, can_set_sticker_set=None, custom_emoji_sticker_set_name=None, description=None, emoji_status_custom_emoji_id=None, emoji_status_expiration_date=None, has_aggressive_anti_spam_enabled=None, has_hidden_members=None, has_private_forwards=None, has_protected_content=None, has_restricted_voice_and_video_messages=None, has_visible_history=None, invite_link=None, join_by_request=None, join_to_send_messages=None, linked_chat_id=None, location=None, message_auto_delete_time=None, permissions=None, personal_chat=None, photo=None, pinned_message=None, profile_accent_color_id=None, profile_background_custom_emoji_id=None, slow_mode_delay=None, sticker_set_name=None, unrestrict_boost_count=None), message_thread_id=None, from_user=User(id=5145915027, is_bot=False, first_name='Mikhail', last_name='Bryanskiy', username='bryanskiym', language_code='ru', is_premium=None, added_to_attachment_menu=None, can_join_groups=None, can_read_all_group_messages=None, supports_inline_queries=None, can_connect_to_business=None), sender_chat=None, sender_boost_count=None, sender_business_bot=None, business_connection_id=None, forward_origin=None, is_topic_message=None, is_automatic_forward=None, reply_to_message=None, external_reply=None, quote=None, reply_to_story=None, via_bot=None, edit_date=None, has_protected_content=None, is_from_offline=None, media_group_id=None, author_signature=None, text='/start', entities=[MessageEntity(type='bot_command', offset=0, length=6, url=None, user=None, language=None, custom_emoji_id=None)], link_preview_options=None, effect_id=None, animation=None, audio=None, document=None, paid_media=None, photo=None, sticker=None, story=None, video=None, video_note=None, voice=None, caption=None, caption_entities=None, show_caption_above_media=None, has_media_spoiler=None, contact=None, dice=None, game=None, poll=None, venue=None, location=None, new_chat_members=None, left_chat_member=None, new_chat_title=None, new_chat_photo=None, delete_chat_photo=None, group_chat_created=None, supergroup_chat_created=None, channel_chat_created=None, message_auto_delete_timer_changed=None, migrate_to_chat_id=None, migrate_from_chat_id=None, pinned_message=None, invoice=None, successful_payment=None, refunded_payment=None, users_shared=None, chat_shared=None, connected_website=None, write_access_allowed=None, passport_data=None, proximity_alert_triggered=None, boost_added=None, chat_background_set=None, forum_topic_created=None, forum_topic_edited=None, forum_topic_closed=None, forum_topic_reopened=None, general_forum_topic_hidden=None, general_forum_topic_unhidden=None, giveaway_created=None, giveaway=None, giveaway_winners=None, giveaway_completed=None, video_chat_scheduled=None, video_chat_started=None, video_chat_ended=None, video_chat_participants_invited=None, web_app_data=None, reply_markup=None, forward_date=None, forward_from=None, forward_from_chat=None, forward_from_message_id=None, forward_sender_name=None, forward_signature=None, user_shared=None) edited_message=None channel_post=None edited_channel_post=None business_connection=None business_message=None edited_business_message=None deleted_business_messages=None message_reaction=None message_reaction_count=None inline_query=None chosen_inline_result=None callback_query=None shipping_query=None pre_checkout_query=None poll=None poll_answer=None my_chat_member=None chat_member=None chat_join_request=None chat_boost=None removed_chat_boost=None
Exception: cmd_start() missing 1 required positional argument: 'session'
Traceback: <traceback object at 0x0000017ECC352E00>
Traceback (most recent call last):
  File "C:\Users\mv\Desktop\Work\bonus_bot\venv\Lib\site-packages\aiogram\dispatcher\middlewares\error.py", line 25, in __call__
    return await handler(event, data)
           ^^^^^^^^^^^^^^^^^^^^^^^^^^
  File "C:\Users\mv\Desktop\Work\bonus_bot\venv\Lib\site-packages\aiogram\dispatcher\middlewares\user_context.py", line 49, in __call__
    return await handler(event, data)
           ^^^^^^^^^^^^^^^^^^^^^^^^^^
  File "C:\Users\mv\Desktop\Work\bonus_bot\venv\Lib\site-packages\aiogram\fsm\middleware.py", line 42, in __call__
    return await handler(event, data)
           ^^^^^^^^^^^^^^^^^^^^^^^^^^
  File "C:\Users\mv\Desktop\Work\bonus_bot\venv\Lib\site-packages\aiogram\dispatcher\event\telegram.py", line 121, in trigger
    return await wrapped_inner(event, kwargs)
           ^^^^^^^^^^^^^^^^^^^^^^^^^^^^^^^^^^
  File "C:\Users\mv\Desktop\Work\bonus_bot\venv\Lib\site-packages\aiogram\dispatcher\event\handler.py", line 43, in call
    return await wrapped()
           ^^^^^^^^^^^^^^^
  File "C:\Users\mv\Desktop\Work\bonus_bot\venv\Lib\site-packages\aiogram\dispatcher\dispatcher.py", line 276, in _listen_update
    return await self.propagate_event(update_type=update_type, event=event, **kwargs)
           ^^^^^^^^^^^^^^^^^^^^^^^^^^^^^^^^^^^^^^^^^^^^^^^^^^^^^^^^^^^^^^^^^^^^^^^^^^
  File "C:\Users\mv\Desktop\Work\bonus_bot\venv\Lib\site-packages\aiogram\dispatcher\router.py", line 142, in propagate_event
    return await observer.wrap_outer_middleware(_wrapped, event=event, data=kwargs)
           ^^^^^^^^^^^^^^^^^^^^^^^^^^^^^^^^^^^^^^^^^^^^^^^^^^^^^^^^^^^^^^^^^^^^^^^^
  File "C:\Users\mv\Desktop\Work\bonus_bot\venv\Lib\site-packages\aiogram\dispatcher\router.py", line 137, in _wrapped
    return await self._propagate_event(
           ^^^^^^^^^^^^^^^^^^^^^^^^^^^^
  File "C:\Users\mv\Desktop\Work\bonus_bot\venv\Lib\site-packages\aiogram\dispatcher\router.py", line 170, in _propagate_event
    response = await router.propagate_event(update_type=update_type, event=event, **kwargs)
               ^^^^^^^^^^^^^^^^^^^^^^^^^^^^^^^^^^^^^^^^^^^^^^^^^^^^^^^^^^^^^^^^^^^^^^^^^^^^
  File "C:\Users\mv\Desktop\Work\bonus_bot\venv\Lib\site-packages\aiogram\dispatcher\router.py", line 142, in propagate_event
    return await observer.wrap_outer_middleware(_wrapped, event=event, data=kwargs)
           ^^^^^^^^^^^^^^^^^^^^^^^^^^^^^^^^^^^^^^^^^^^^^^^^^^^^^^^^^^^^^^^^^^^^^^^^
  File "C:\Users\mv\Desktop\Work\bonus_bot\venv\Lib\site-packages\aiogram\dispatcher\router.py", line 137, in _wrapped
    return await self._propagate_event(
           ^^^^^^^^^^^^^^^^^^^^^^^^^^^^
  File "C:\Users\mv\Desktop\Work\bonus_bot\venv\Lib\site-packages\aiogram\dispatcher\router.py", line 162, in _propagate_event
    response = await observer.trigger(event, **kwargs)
               ^^^^^^^^^^^^^^^^^^^^^^^^^^^^^^^^^^^^^^^
  File "C:\Users\mv\Desktop\Work\bonus_bot\venv\Lib\site-packages\aiogram\dispatcher\event\telegram.py", line 121, in trigger
    return await wrapped_inner(event, kwargs)
           ^^^^^^^^^^^^^^^^^^^^^^^^^^^^^^^^^^
  File "C:\Users\mv\Desktop\Work\bonus_bot\venv\Lib\site-packages\aiogram\dispatcher\event\handler.py", line 43, in call
    return await wrapped()
                 ^^^^^^^^^
TypeError: cmd_start() missing 1 required positional argument: 'session'
2025-12-02 11:31:23,824 - aiogram.event - INFO - Update id=129286754 is handled. Duration 0 ms by bot id=8549585726
2025-12-02 11:34:36,554 - aiogram.dispatcher - INFO - Polling stopped
2025-12-02 11:34:36,813 - aiogram.dispatcher - INFO - Polling stopped for bot @ThePrimeShop_bot id=8549585726 - 'Primestore_bot'
2025-12-02 11:34:36,817 - __main__ - INFO - Bot stopped by user
